<?xml version="1.0" encoding="UTF-8"?>
<!-- Generated by org.testng.reporters.JUnitReportReporter -->
<testsuite hostname="Ahmed" failures="0" tests="1" name="TestCheckoutProduct" time="0.341" errors="0" timestamp="2024-01-13T13:25:04 PKT" skipped="0">
  <testcase classname="TestCheckoutProduct" name="verifyTheUserOnYourCartScreen" time="0.341"/>
</testsuite> <!-- TestCheckoutProduct -->
