<?xml version="1.0" encoding="UTF-8"?>
<!-- Generated by org.testng.reporters.JUnitReportReporter -->
<testsuite hostname="Ahmed" failures="0" tests="2" name="LoginTest" time="11.317" errors="0" timestamp="2024-01-13T13:25:04 PKT" skipped="0">
  <testcase classname="LoginTest" name="LoginWithValidCredentials" time="6.339"/>
  <testcase classname="LoginTest" name="LoginWithInValidCredentials" time="4.978"/>
</testsuite> <!-- LoginTest -->
